<?xml version="1.0" encoding="UTF-8"?>
<!-- Generated by org.testng.reporters.JUnitReportReporter -->
<testsuite hostname="DESKTOP-BM2RQPJ" failures="0" tests="3" name="Tests.api.swagger.apiTest" time="10.282" errors="0" timestamp="2023-04-19T08:10:02 ART" skipped="0">
  <testcase classname="Tests.api.swagger.apiTest" name="test2getPet" time="3.435"/>
  <system-out/>
  <testcase classname="Tests.api.swagger.apiTest" name="test1postPet" time="2.432"/>
  <system-out/>
  <testcase classname="Tests.api.swagger.apiTest" name="test3putPet" time="4.415"/>
  <system-out/>
</testsuite> <!-- Tests.api.swagger.apiTest -->
