<?xml version="1.0" encoding="UTF-8"?>
<!-- Generated by org.testng.reporters.JUnitReportReporter -->
<testsuite hostname="DESKTOP-BM2RQPJ" failures="0" tests="1" name="Tests.ui.addToCart.TestAddToCart" time="23.238" errors="0" timestamp="2023-04-19T08:10:02 ART" skipped="0">
  <testcase classname="Tests.ui.addToCart.TestAddToCart" name="addToCartLaptop" time="23.238"/>
  <system-out/>
</testsuite> <!-- Tests.ui.addToCart.TestAddToCart -->
