<?xml version="1.0" encoding="UTF-8"?>
<!-- Generated by org.testng.reporters.JUnitReportReporter -->
<testsuite hostname="DESKTOP-BM2RQPJ" failures="0" tests="2" name="Tests.ui.singUpLogInOut.TestSingUpLogInOut" time="25.864" errors="0" timestamp="2023-04-19T08:10:02 ART" skipped="0">
  <testcase classname="Tests.ui.singUpLogInOut.TestSingUpLogInOut" name="login" time="19.184"/>
  <system-out/>
  <testcase classname="Tests.ui.singUpLogInOut.TestSingUpLogInOut" name="registerAnUser" time="6.680"/>
  <system-out/>
</testsuite> <!-- Tests.ui.singUpLogInOut.TestSingUpLogInOut -->
